\BOOKMARK [0][-]{section*.2}{\376\377\144\130\211\201}{}% 1
\BOOKMARK [0][-]{section*.4}{Abstract}{}% 2
\BOOKMARK [0][-]{section*.5}{\376\377\166\356\000\040\137\125}{}% 3
\BOOKMARK [0][-]{section*.7}{\376\377\126\376\137\142\122\027\210\150}{}% 4
\BOOKMARK [0][-]{section*.9}{\376\377\210\150\150\074\122\027\210\150}{}% 5
\BOOKMARK [0][-]{section*.12}{\376\377\173\046\123\367\122\027\210\150}{}% 6
\BOOKMARK [0][-]{chapter.1}{\376\377\173\054\0001\172\340\000\040\000\040\137\025\212\000}{}% 7
\BOOKMARK [1][-]{section.1.1}{\376\377\0001\000.\0001\000\040\225\356\230\230\166\204\143\320\121\372}{chapter.1}% 8
\BOOKMARK [1][-]{section.1.2}{\376\377\0001\000.\0002\000\040\170\024\172\166\163\260\162\266\060\001\143\021\142\030\116\016\147\072\220\107}{chapter.1}% 9
\BOOKMARK [1][-]{section.1.3}{\376\377\0001\000.\0003\000\040\213\272\145\207\176\323\147\204\133\211\143\222}{chapter.1}% 10
\BOOKMARK [0][-]{chapter.2}{\376\377\173\054\0002\172\340\000\040\000\040\147\072\126\150\133\146\116\140\166\204\127\372\170\100\164\006\213\272}{}% 11
\BOOKMARK [1][-]{section.2.1}{\376\377\0002\000.\0001\000\040\137\025\212\000}{chapter.2}% 12
\BOOKMARK [1][-]{section.2.2}{\376\377\0002\000.\0002\000\040\147\072\126\150\133\146\116\140\173\227\154\325}{chapter.2}% 13
\BOOKMARK [2][-]{subsection.2.2.1}{\376\377\0002\000.\0002\000.\0001\000\040\176\277\140\047\126\336\137\122\377\010\000L\000R\377\011}{section.2.2}% 14
\BOOKMARK [2][-]{subsection.2.2.2}{\376\377\0002\000.\0002\000.\0002\000\040\000k\217\321\220\273\377\010\000K\000N\000N\377\011}{section.2.2}% 15
\BOOKMARK [2][-]{subsection.2.2.3}{\376\377\0002\000.\0002\000.\0003\000\040\121\263\173\126\150\021\377\010\000D\000T\377\011}{section.2.2}% 16
\BOOKMARK [2][-]{subsection.2.2.4}{\376\377\0002\000.\0002\000.\0004\000\040\226\217\147\072\150\356\147\227\377\010\000R\000F\377\011}{section.2.2}% 17
\BOOKMARK [2][-]{subsection.2.2.5}{\376\377\0002\000.\0002\000.\0005\000\040\147\201\172\357\226\217\147\072\150\356\147\227\126\336\137\122\377\010\000E\000T\000R\377\011}{section.2.2}% 18
\BOOKMARK [2][-]{subsection.2.2.6}{\376\377\0002\000.\0002\000.\0006\000\040\150\257\136\246\143\320\123\107\126\336\137\122\150\021\377\010\000G\000B\000R\000T\377\011}{section.2.2}% 19
\BOOKMARK [2][-]{subsection.2.2.7}{\376\377\0002\000.\0002\000.\0007\000\040\145\057\143\001\124\021\221\317\126\336\137\122\377\010\000S\000V\000R\377\011}{section.2.2}% 20
\BOOKMARK [2][-]{subsection.2.2.8}{\376\377\0002\000.\0002\000.\0008\000\040\123\167\171\357\171\136\176\317\177\121\176\334\377\010\000C\000N\000N\377\011}{section.2.2}% 21
\BOOKMARK [2][-]{subsection.2.2.9}{\376\377\0002\000.\0002\000.\0009\000\040\225\177\167\355\147\037\213\260\137\306\137\252\163\257\171\136\176\317\177\121\176\334\377\010\000L\000S\000T\000M\000-\000R\000N\000N\377\011}{section.2.2}% 22
\BOOKMARK [1][-]{section.2.3}{\376\377\0002\000.\0003\000\040\213\255\176\303\122\115\166\204\137\305\211\201\121\306\131\007}{chapter.2}% 23
\BOOKMARK [2][-]{subsection.2.3.1}{\376\377\0002\000.\0003\000.\0001\000\040\156\321\122\250\172\227\123\343\154\325}{section.2.3}% 24
\BOOKMARK [2][-]{subsection.2.3.2}{\376\377\0002\000.\0003\000.\0002\000\040\145\160\143\156\137\122\116\000\123\026}{section.2.3}% 25
\BOOKMARK [2][-]{subsection.2.3.3}{\376\377\0002\000.\0003\000.\0003\000\040\117\030\123\026\126\150}{section.2.3}% 26
\BOOKMARK [2][-]{subsection.2.3.4}{\376\377\0002\000.\0003\000.\0004\000\040\117\030\123\026\166\356\150\007\121\375\145\160}{section.2.3}% 27
\BOOKMARK [2][-]{subsection.2.3.5}{\376\377\0002\000.\0003\000.\0005\000\040\140\047\200\375\136\246\221\317}{section.2.3}% 28
\BOOKMARK [2][-]{subsection.2.3.6}{\376\377\0002\000.\0003\000.\0006\000\040\153\040\142\337\124\010\124\214\217\307\142\337\124\010}{section.2.3}% 29
\BOOKMARK [2][-]{subsection.2.3.7}{\376\377\0002\000.\0003\000.\0007\000\040\213\241\173\227\135\345\121\167\116\016\136\163\123\360}{section.2.3}% 30
\BOOKMARK [1][-]{section.2.4}{\376\377\0002\000.\0004\000\040\134\017\176\323}{chapter.2}% 31
\BOOKMARK [0][-]{chapter.3}{\376\377\173\054\0003\172\340\000\040\000\040\127\372\116\216\171\136\176\317\177\121\176\334\230\204\155\113\131\052\226\063\236\321\133\120\155\073\122\250}{}% 32
\BOOKMARK [1][-]{section.3.1}{\376\377\0003\000.\0001\000\040\170\024\172\166\200\314\146\157}{chapter.3}% 33
\BOOKMARK [1][-]{section.3.2}{\376\377\0003\000.\0002\000\040\145\160\143\156\116\016\145\271\154\325}{chapter.3}% 34
\BOOKMARK [2][-]{subsection.3.2.1}{\376\377\0003\000.\0002\000.\0001\000\040\145\160\143\156\173\200\116\313}{section.3.2}% 35
\BOOKMARK [2][-]{subsection.3.2.2}{\376\377\0003\000.\0002\000.\0002\000\040\145\271\154\325\143\317\217\360}{section.3.2}% 36
\BOOKMARK [1][-]{section.3.3}{\376\377\0003\000.\0003\000\040\213\325\232\214\176\323\147\234\116\016\122\006\147\220}{chapter.3}% 37
\BOOKMARK [2][-]{subsection.3.3.1}{\376\377\0003\000.\0003\000.\0001\000\040\230\204\155\113\147\052\147\145\0001\116\052\147\010\131\052\226\063\236\321\133\120\155\073\122\250}{section.3.3}% 38
\BOOKMARK [2][-]{subsection.3.3.2}{\376\377\0003\000.\0003\000.\0002\000\040\230\204\155\113\147\052\147\145\0007\0002\116\052\147\010\131\052\226\063\236\321\133\120\155\073\122\250}{section.3.3}% 39
\BOOKMARK [2][-]{subsection.3.3.3}{\376\377\0003\000.\0003\000.\0003\000\040\116\016\121\166\116\326\170\024\172\166\166\204\153\324\217\203}{section.3.3}% 40
\BOOKMARK [1][-]{section.3.4}{\376\377\0003\000.\0004\000\040\213\250\213\272\116\016\134\017\176\323}{chapter.3}% 41
\BOOKMARK [0][-]{chapter.4}{\376\377\173\054\0004\172\340\000\040\000\040\127\372\116\216\147\072\126\150\133\146\116\140\230\204\155\113\237\231\133\120\171\140\154\311\155\101\221\317}{}% 42
\BOOKMARK [1][-]{section.4.1}{\376\377\0004\000.\0001\000\040\170\024\172\166\200\314\146\157}{chapter.4}% 43
\BOOKMARK [1][-]{section.4.2}{\376\377\0004\000.\0002\000\040\145\160\143\156\116\016\145\271\154\325}{chapter.4}% 44
\BOOKMARK [2][-]{subsection.4.2.1}{\376\377\0004\000.\0002\000.\0001\000\040\170\024\172\166\123\072\127\337}{section.4.2}% 45
\BOOKMARK [2][-]{subsection.4.2.2}{\376\377\0004\000.\0002\000.\0002\000\040\145\160\143\156\143\317\217\360}{section.4.2}% 46
\BOOKMARK [2][-]{subsection.4.2.3}{\376\377\0004\000.\0002\000.\0003\000\040\145\271\154\325\143\317\217\360}{section.4.2}% 47
\BOOKMARK [1][-]{section.4.3}{\376\377\0004\000.\0003\000\040\213\325\232\214\176\323\147\234\116\016\122\006\147\220}{chapter.4}% 48
\BOOKMARK [2][-]{subsection.4.3.1}{\376\377\0004\000.\0003\000.\0001\000\040\230\204\155\113\147\052\147\145\0001\116\052\147\010\154\311\155\101\221\317}{section.4.3}% 49
\BOOKMARK [2][-]{subsection.4.3.2}{\376\377\0004\000.\0003\000.\0002\000\040\230\204\155\113\147\052\147\145\0002\116\052\147\010\154\311\155\101\221\317}{section.4.3}% 50
\BOOKMARK [2][-]{subsection.4.3.3}{\376\377\0004\000.\0003\000.\0003\000\040\230\204\155\113\147\052\147\145\0003\116\052\147\010\154\311\155\101\221\317}{section.4.3}% 51
\BOOKMARK [2][-]{subsection.4.3.4}{\376\377\0004\000.\0003\000.\0004\000\040\230\204\155\113\147\052\147\145\0004\116\052\147\010\154\311\155\101\221\317}{section.4.3}% 52
\BOOKMARK [2][-]{subsection.4.3.5}{\376\377\0004\000.\0003\000.\0005\000\040\122\051\165\050\123\206\123\362\154\311\155\101\221\317\230\204\155\113\147\052\147\145\154\311\155\101\221\317}{section.4.3}% 53
\BOOKMARK [1][-]{section.4.4}{\376\377\0004\000.\0004\000\040\213\250\213\272\116\016\134\017\176\323}{chapter.4}% 54
\BOOKMARK [0][-]{chapter.5}{\376\377\173\054\0005\172\340\000\040\000\040\127\372\116\216\147\072\126\150\133\146\116\140\133\371\123\127\122\240\135\336\127\060\123\072\166\204\127\060\227\007\116\055\147\037\230\204\142\245}{}% 55
\BOOKMARK [1][-]{section.5.1}{\376\377\0005\000.\0001\000\040\170\024\172\166\200\314\146\157}{chapter.5}% 56
\BOOKMARK [1][-]{section.5.2}{\376\377\0005\000.\0002\000\040\145\160\143\156\116\016\145\271\154\325}{chapter.5}% 57
\BOOKMARK [2][-]{subsection.5.2.1}{\376\377\0005\000.\0002\000.\0001\000\040\170\024\172\166\123\072\127\337}{section.5.2}% 58
\BOOKMARK [2][-]{subsection.5.2.2}{\376\377\0005\000.\0002\000.\0002\000\040\127\060\227\007\166\356\137\125}{section.5.2}% 59
\BOOKMARK [2][-]{subsection.5.2.3}{\376\377\0005\000.\0002\000.\0003\000\040\127\060\227\007\126\340\133\120}{section.5.2}% 60
\BOOKMARK [1][-]{section.5.3}{\376\377\0005\000.\0003\000\040\176\323\147\234\122\006\147\220}{chapter.5}% 61
\BOOKMARK [2][-]{subsection.5.3.1}{\376\377\0005\000.\0003\000.\0001\000\040\127\372\116\216\0006\116\052\123\072\127\127\230\204\155\113\147\052\147\145\0001\136\164\166\204\147\000\131\047\227\007\176\247}{section.5.3}% 62
\BOOKMARK [2][-]{subsection.5.3.2}{\376\377\0005\000.\0003\000.\0002\000\040\127\372\116\216\145\164\116\052\123\072\127\127\230\204\155\113\147\052\147\145\0001\136\164\166\204\147\000\131\047\227\007\176\247}{section.5.3}% 63
\BOOKMARK [2][-]{subsection.5.3.3}{\376\377\0005\000.\0003\000.\0003\000\040\127\372\116\216\145\164\116\052\123\072\127\127\230\204\155\113\147\052\147\145\0001\0000\136\164\166\204\147\000\131\047\227\007\176\247}{section.5.3}% 64
\BOOKMARK [1][-]{section.5.4}{\376\377\0005\000.\0004\000\040\213\250\213\272\116\016\134\017\176\323}{chapter.5}% 65
\BOOKMARK [0][-]{chapter.6}{\376\377\173\054\0006\172\340\000\040\000\040\140\073\176\323\116\016\134\125\147\033}{}% 66
\BOOKMARK [0][-]{appendix.A}{\376\377\226\104\137\125\000\040\000A\000\040\000\040\226\104\137\125}{}% 67
\BOOKMARK [1][-]{section.A.1}{\376\377\000A\000.\0001\000\040\127\372\116\216\147\072\126\150\133\146\116\140\133\371\123\127\122\240\135\336\127\060\123\072\166\204\127\060\227\007\116\055\147\037\230\204\142\245}{appendix.A}% 68
\BOOKMARK [2][-]{subsection.A.1.1}{\376\377\000A\000.\0001\000.\0001\000\040\210\150}{section.A.1}% 69
\BOOKMARK [2][-]{subsection.A.1.2}{\376\377\000A\000.\0001\000.\0002\000\040\126\376}{section.A.1}% 70
\BOOKMARK [0][-]{section*.74}{\376\377\123\302\200\003\145\207\163\056}{}% 71
\BOOKMARK [0][-]{appendix*.76}{\376\377\201\364\214\042}{}% 72
\BOOKMARK [0][-]{appendix*.77}{\376\377\117\134\200\005\173\200\123\206\123\312\145\073\213\373\133\146\117\115\147\037\225\364\123\321\210\150\166\204\133\146\147\057\213\272\145\207\116\016\170\024\172\166\142\020\147\234}{}% 73
